<?xml version="1.0" encoding="UTF-8"?>
<!-- Generated by org.testng.reporters.JUnitReportReporter -->
<testsuite skipped="0" hostname="Bhuvaneswari-PC" name="testCase.TC001_Signup" tests="1" failures="0" timestamp="27 May 2018 08:56:11 GMT" time="26.745" errors="0">
  <testcase name="InitaiateSignup" time="26.745" classname="testCase.TC001_Signup"/>
</testsuite> <!-- testCase.TC001_Signup -->
